12-01 19:31:32 com_github_MitjaNemec_ReplicateLayout.action_replicate_layout 409:Plugin executed on: 'linux'
12-01 19:31:32 com_github_MitjaNemec_ReplicateLayout.action_replicate_layout 410:Plugin executed with python version: '3.13.9 (main, Oct 14 2025, 00:00:00) [GCC 14.3.1 20250808 (Red Hat 14.3.1-3)]'
12-01 19:31:32 com_github_MitjaNemec_ReplicateLayout.action_replicate_layout 411:KiCad build version: 9.0.6-unknown-1000.20251110git96868b2.fc41
12-01 19:31:32 com_github_MitjaNemec_ReplicateLayout.action_replicate_layout 412:Plugin version: 4.0.3
12-01 19:31:32 com_github_MitjaNemec_ReplicateLayout.action_replicate_layout 413:Frame repr: <wx._core.Frame object at 0x7fe9672fc680>
12-01 19:31:32 com_github_MitjaNemec_ReplicateLayout.action_replicate_layout 437:Preparing replicator with XTAL1 as a reference
12-01 19:31:32 com_github_MitjaNemec_ReplicateLayout.replicate_layout 117:getting a list of all footprints on board
12-01 19:31:32 com_github_MitjaNemec_ReplicateLayout.action_replicate_layout 485:source anchor footprint is 'XTAL1'
Located on: ['/Can interface and transiever/']
With filenames: ['can-if-trx.kicad_sch']
With sheet_id:['/Can interface and transiever/']
12-01 19:31:32 com_github_MitjaNemec_ReplicateLayout.action_replicate_layout 492:Corresponding footprints are 
[('XTAL3', ['/Can interface and transiever2/']), ('XTAL2', ['/Can interface and transiever1/']), ('XTAL1', ['/Can interface and transiever/'])]
12-01 19:31:32 com_github_MitjaNemec_ReplicateLayout.action_replicate_layout 504:Showing dialog
12-01 19:31:32 com_github_MitjaNemec_ReplicateLayout.replicate_layout 472:constructing a list of sheets suitable for replication on level:'/Can interface and transiever/', file:'can-if-trx.kicad_sch'
12-01 19:31:32 com_github_MitjaNemec_ReplicateLayout.replicate_layout 509:suitable sheets are:[['/Can interface and transiever1/'], ['/Can interface and transiever2/']]
12-01 19:31:32 com_github_MitjaNemec_ReplicateLayout.replicate_layout 1512:Level selected: ['/Can interface and transiever/']
12-01 19:31:32 com_github_MitjaNemec_ReplicateLayout.replicate_layout 1336:Filtering list of tracks
12-01 19:31:32 com_github_MitjaNemec_ReplicateLayout.action_replicate_layout 510:Toolbar position: wx.Point(1886, 130)
12-01 19:31:32 com_github_MitjaNemec_ReplicateLayout.action_replicate_layout 515:Dialog position: wx.Point(1447, 130)
12-01 19:31:33 com_github_MitjaNemec_ReplicateLayout.replicate_layout 472:constructing a list of sheets suitable for replication on level:'/Can interface and transiever/', file:'can-if-trx.kicad_sch'
12-01 19:31:33 com_github_MitjaNemec_ReplicateLayout.replicate_layout 509:suitable sheets are:[['/Can interface and transiever1/'], ['/Can interface and transiever2/']]
12-01 19:31:33 com_github_MitjaNemec_ReplicateLayout.action_replicate_layout 248:Replicating layout
12-01 19:31:33 com_github_MitjaNemec_ReplicateLayout.replicate_layout 288:Starting replication of sheets: [['/Can interface and transiever1/'], ['/Can interface and transiever2/']]
on level: ['/Can interface and transiever/']
with tracks=True, zone=True, text=True, text=True, intersecting=False, remove=False, locked footprints=False, group_only=False
12-01 19:31:33 root 340:updating GUI message: 'Preparing for replication'
12-01 19:31:34 com_github_MitjaNemec_ReplicateLayout.replicate_layout 358:Getting the list of source footprints
12-01 19:31:34 root 345:updating GUI with: 0
12-01 19:31:34 com_github_MitjaNemec_ReplicateLayout.replicate_layout 368:Getting the list of all the remaining footprints
12-01 19:31:34 com_github_MitjaNemec_ReplicateLayout.replicate_layout 375:Getting source tracks
12-01 19:31:34 com_github_MitjaNemec_ReplicateLayout.replicate_layout 1336:Filtering list of tracks
12-01 19:31:34 com_github_MitjaNemec_ReplicateLayout.replicate_layout 379:Getting source zones
12-01 19:31:34 com_github_MitjaNemec_ReplicateLayout.replicate_layout 383:Getting source text items
12-01 19:31:34 com_github_MitjaNemec_ReplicateLayout.replicate_layout 387:Getting source drawing items
12-01 19:31:34 root 340:updating GUI message: 'Replicating footprints'
12-01 19:31:34 com_github_MitjaNemec_ReplicateLayout.replicate_layout 863:Replicating footprints
12-01 19:31:34 root 345:updating GUI with: 0
12-01 19:31:34 com_github_MitjaNemec_ReplicateLayout.replicate_layout 870:Replicating footprints on sheet ['/Can interface and transiever1/']
12-01 19:31:34 com_github_MitjaNemec_ReplicateLayout.replicate_layout 835:Src fp.id: 'CC36C93D-2A21-4079-92A2-E3061A074AA7'
12-01 19:31:34 com_github_MitjaNemec_ReplicateLayout.replicate_layout 839:Dst fp.id: 'CC36C93D-2A21-4079-92A2-E3061A074AA7'
12-01 19:31:34 com_github_MitjaNemec_ReplicateLayout.replicate_layout 888:Replicating footprint: 'XTAL1'
12-01 19:31:34 root 345:updating GUI with: 7
12-01 19:31:34 com_github_MitjaNemec_ReplicateLayout.replicate_layout 835:Src fp.id: 'CC36C93D-2A21-4079-92A2-E3061A074AA7'
12-01 19:31:34 com_github_MitjaNemec_ReplicateLayout.replicate_layout 839:Dst fp.id: 'CC36C93D-2A21-4079-92A2-E3061A074AA7'
12-01 19:31:34 com_github_MitjaNemec_ReplicateLayout.replicate_layout 895:found match in dst footprint: 'XTAL2'
12-01 19:31:34 com_github_MitjaNemec_ReplicateLayout.replicate_layout 990:Src text UUid:9978617c-01ac-448d-9224-7a7240471d5e
12-01 19:31:34 com_github_MitjaNemec_ReplicateLayout.replicate_layout 991:Dst text UUid:94308b38-7f4d-4964-a044-545a498181c9
12-01 19:31:34 com_github_MitjaNemec_ReplicateLayout.replicate_layout 990:Src text UUid:1880fbbc-70e3-497d-a508-77dce5fb788c
12-01 19:31:34 com_github_MitjaNemec_ReplicateLayout.replicate_layout 991:Dst text UUid:6ed80e38-0a18-4332-aede-ec0f5097f471
12-01 19:31:34 com_github_MitjaNemec_ReplicateLayout.replicate_layout 990:Src text UUid:bf4b7098-0339-446c-b324-0c24bf46e3e4
12-01 19:31:34 com_github_MitjaNemec_ReplicateLayout.replicate_layout 991:Dst text UUid:5548c3ae-73d7-4be7-832a-be39ab77f9b8
12-01 19:31:34 com_github_MitjaNemec_ReplicateLayout.replicate_layout 888:Replicating footprint: 'U5'
12-01 19:31:34 com_github_MitjaNemec_ReplicateLayout.replicate_layout 835:Src fp.id: 'EFEAC615-1BCE-410C-9359-A2CDF69988E7'
12-01 19:31:34 com_github_MitjaNemec_ReplicateLayout.replicate_layout 839:Dst fp.id: 'EFEAC615-1BCE-410C-9359-A2CDF69988E7'
12-01 19:31:34 com_github_MitjaNemec_ReplicateLayout.replicate_layout 895:found match in dst footprint: 'U7'
12-01 19:31:34 com_github_MitjaNemec_ReplicateLayout.replicate_layout 990:Src text UUid:aa9e22ef-c639-44bc-914c-e02c140e959b
12-01 19:31:34 com_github_MitjaNemec_ReplicateLayout.replicate_layout 991:Dst text UUid:e94cbba1-f1c4-40aa-9dbb-9c585d0cfdd0
12-01 19:31:34 com_github_MitjaNemec_ReplicateLayout.replicate_layout 990:Src text UUid:8663ad1c-c3b2-4f4c-8bd5-655b0c6dd9a7
12-01 19:31:34 com_github_MitjaNemec_ReplicateLayout.replicate_layout 991:Dst text UUid:5b4bf29c-289f-48f6-a80b-0be39b69ede7
12-01 19:31:34 com_github_MitjaNemec_ReplicateLayout.replicate_layout 990:Src text UUid:257eef03-4bbb-4f60-b2dc-f39bbe103695
12-01 19:31:34 com_github_MitjaNemec_ReplicateLayout.replicate_layout 991:Dst text UUid:ad965ce5-a686-49e4-a42f-631eec23dab3
12-01 19:31:34 com_github_MitjaNemec_ReplicateLayout.replicate_layout 888:Replicating footprint: 'U4'
12-01 19:31:34 com_github_MitjaNemec_ReplicateLayout.replicate_layout 835:Src fp.id: 'B7BCCC24-A2BC-4499-9018-70D47AEF5995'
12-01 19:31:34 com_github_MitjaNemec_ReplicateLayout.replicate_layout 839:Dst fp.id: 'B7BCCC24-A2BC-4499-9018-70D47AEF5995'
12-01 19:31:34 com_github_MitjaNemec_ReplicateLayout.replicate_layout 895:found match in dst footprint: 'U6'
12-01 19:31:34 com_github_MitjaNemec_ReplicateLayout.replicate_layout 990:Src text UUid:b97e0f65-421a-423d-8d59-e004ed0929f1
12-01 19:31:34 com_github_MitjaNemec_ReplicateLayout.replicate_layout 991:Dst text UUid:ec39d75d-1f80-4e48-aa45-35f47f132e67
12-01 19:31:34 com_github_MitjaNemec_ReplicateLayout.replicate_layout 990:Src text UUid:5f4efdc1-5904-46b8-b8c3-1283ca7103ce
12-01 19:31:34 com_github_MitjaNemec_ReplicateLayout.replicate_layout 991:Dst text UUid:decec0ad-3828-4240-990e-a9dec56e6f29
12-01 19:31:34 com_github_MitjaNemec_ReplicateLayout.replicate_layout 990:Src text UUid:e2978417-8e2e-4db3-8d4a-9a8a68e8b74c
12-01 19:31:34 com_github_MitjaNemec_ReplicateLayout.replicate_layout 991:Dst text UUid:dbcc76cb-9157-4238-9624-0c2735607274
12-01 19:31:34 com_github_MitjaNemec_ReplicateLayout.replicate_layout 888:Replicating footprint: 'R4'
12-01 19:31:34 com_github_MitjaNemec_ReplicateLayout.replicate_layout 835:Src fp.id: '200768FF-A934-4A21-A60D-F3045F73A8BC'
12-01 19:31:34 com_github_MitjaNemec_ReplicateLayout.replicate_layout 839:Dst fp.id: '200768FF-A934-4A21-A60D-F3045F73A8BC'
12-01 19:31:34 com_github_MitjaNemec_ReplicateLayout.replicate_layout 895:found match in dst footprint: 'R5'
12-01 19:31:34 com_github_MitjaNemec_ReplicateLayout.replicate_layout 990:Src text UUid:aa64e657-646c-4cfa-b8c3-a271570455ca
12-01 19:31:34 com_github_MitjaNemec_ReplicateLayout.replicate_layout 991:Dst text UUid:d41c0192-8f62-4d1e-ba84-02f2c7cba7e9
12-01 19:31:34 com_github_MitjaNemec_ReplicateLayout.replicate_layout 990:Src text UUid:ca537d03-e463-40e9-b27c-bdcc743f76a8
12-01 19:31:34 com_github_MitjaNemec_ReplicateLayout.replicate_layout 991:Dst text UUid:838757ae-33b6-4411-9c66-00d7cc7ac17e
12-01 19:31:34 com_github_MitjaNemec_ReplicateLayout.replicate_layout 990:Src text UUid:4a667380-0250-47d8-929a-01078c1e5119
12-01 19:31:34 com_github_MitjaNemec_ReplicateLayout.replicate_layout 991:Dst text UUid:22da549c-3597-4649-a2b0-51953ba0f21c
12-01 19:31:34 com_github_MitjaNemec_ReplicateLayout.replicate_layout 888:Replicating footprint: 'C9'
12-01 19:31:34 com_github_MitjaNemec_ReplicateLayout.replicate_layout 835:Src fp.id: 'D61AE3D4-4FB4-49FA-A057-0B73616A0506'
12-01 19:31:34 com_github_MitjaNemec_ReplicateLayout.replicate_layout 839:Dst fp.id: 'D61AE3D4-4FB4-49FA-A057-0B73616A0506'
12-01 19:31:34 com_github_MitjaNemec_ReplicateLayout.replicate_layout 895:found match in dst footprint: 'C12'
12-01 19:31:34 com_github_MitjaNemec_ReplicateLayout.replicate_layout 990:Src text UUid:633865a9-48b6-4a01-bad5-974162179891
12-01 19:31:34 com_github_MitjaNemec_ReplicateLayout.replicate_layout 991:Dst text UUid:a621ac87-e2cb-4110-a9f1-70f0c9459bd6
12-01 19:31:34 com_github_MitjaNemec_ReplicateLayout.replicate_layout 990:Src text UUid:73c84998-acc7-4794-abbe-a96bafed359e
12-01 19:31:34 com_github_MitjaNemec_ReplicateLayout.replicate_layout 991:Dst text UUid:e7492f54-2374-4537-a74d-5cbe090cb9ea
12-01 19:31:34 com_github_MitjaNemec_ReplicateLayout.replicate_layout 990:Src text UUid:04db238d-bbb6-4058-8b7f-c75f3f714030
12-01 19:31:34 com_github_MitjaNemec_ReplicateLayout.replicate_layout 991:Dst text UUid:6f13a6f5-d747-4a75-95c6-044344fc0cc6
12-01 19:31:34 com_github_MitjaNemec_ReplicateLayout.replicate_layout 888:Replicating footprint: 'C8'
12-01 19:31:34 com_github_MitjaNemec_ReplicateLayout.replicate_layout 835:Src fp.id: '2DBD423A-8E2E-4CC3-946E-320FDE12C228'
12-01 19:31:34 com_github_MitjaNemec_ReplicateLayout.replicate_layout 839:Dst fp.id: '2DBD423A-8E2E-4CC3-946E-320FDE12C228'
12-01 19:31:34 com_github_MitjaNemec_ReplicateLayout.replicate_layout 895:found match in dst footprint: 'C11'
12-01 19:31:34 com_github_MitjaNemec_ReplicateLayout.replicate_layout 990:Src text UUid:e76ca601-5b34-4275-8275-31edcd682581
12-01 19:31:34 com_github_MitjaNemec_ReplicateLayout.replicate_layout 991:Dst text UUid:1ea17e4e-c3bb-4714-acc3-24c984dcdf5b
12-01 19:31:34 com_github_MitjaNemec_ReplicateLayout.replicate_layout 990:Src text UUid:b00df01f-1c35-412f-88a2-8dc634c141ff
12-01 19:31:34 com_github_MitjaNemec_ReplicateLayout.replicate_layout 991:Dst text UUid:2d123d68-e2e2-468a-b15e-01c0af32b00d
12-01 19:31:34 com_github_MitjaNemec_ReplicateLayout.replicate_layout 990:Src text UUid:4b028307-ba62-4a06-af58-1b3d8760ff5e
12-01 19:31:34 com_github_MitjaNemec_ReplicateLayout.replicate_layout 991:Dst text UUid:71dd7d65-a5c7-4b31-9e78-38fa4f36dbcc
12-01 19:31:34 com_github_MitjaNemec_ReplicateLayout.replicate_layout 888:Replicating footprint: 'C7'
12-01 19:31:34 com_github_MitjaNemec_ReplicateLayout.replicate_layout 835:Src fp.id: '42895D8D-D953-459E-B144-518C99AD7CE9'
12-01 19:31:34 com_github_MitjaNemec_ReplicateLayout.replicate_layout 839:Dst fp.id: '42895D8D-D953-459E-B144-518C99AD7CE9'
12-01 19:31:34 com_github_MitjaNemec_ReplicateLayout.replicate_layout 895:found match in dst footprint: 'C10'
12-01 19:31:34 com_github_MitjaNemec_ReplicateLayout.replicate_layout 990:Src text UUid:8ea8ef8d-13b4-4801-8eec-09c4908256c5
12-01 19:31:34 com_github_MitjaNemec_ReplicateLayout.replicate_layout 991:Dst text UUid:8afc11ea-d03c-42b5-8e92-7e27b8c53997
12-01 19:31:34 com_github_MitjaNemec_ReplicateLayout.replicate_layout 990:Src text UUid:050b30f5-dd49-4a25-a082-513d197993e6
12-01 19:31:34 com_github_MitjaNemec_ReplicateLayout.replicate_layout 991:Dst text UUid:38d5c7fc-a226-4926-88ea-551a8e984b39
12-01 19:31:34 com_github_MitjaNemec_ReplicateLayout.replicate_layout 990:Src text UUid:9b5f1b3d-e169-446c-8258-ef7fe5b2306d
12-01 19:31:34 com_github_MitjaNemec_ReplicateLayout.replicate_layout 991:Dst text UUid:b904771f-e869-4f32-98be-4d387914c3ba
12-01 19:31:34 com_github_MitjaNemec_ReplicateLayout.replicate_layout 870:Replicating footprints on sheet ['/Can interface and transiever2/']
12-01 19:31:34 com_github_MitjaNemec_ReplicateLayout.replicate_layout 835:Src fp.id: 'CC36C93D-2A21-4079-92A2-E3061A074AA7'
12-01 19:31:34 com_github_MitjaNemec_ReplicateLayout.replicate_layout 839:Dst fp.id: 'CC36C93D-2A21-4079-92A2-E3061A074AA7'
12-01 19:31:34 com_github_MitjaNemec_ReplicateLayout.replicate_layout 888:Replicating footprint: 'XTAL1'
12-01 19:31:34 com_github_MitjaNemec_ReplicateLayout.replicate_layout 835:Src fp.id: 'CC36C93D-2A21-4079-92A2-E3061A074AA7'
12-01 19:31:34 com_github_MitjaNemec_ReplicateLayout.replicate_layout 839:Dst fp.id: 'CC36C93D-2A21-4079-92A2-E3061A074AA7'
12-01 19:31:34 com_github_MitjaNemec_ReplicateLayout.replicate_layout 895:found match in dst footprint: 'XTAL3'
12-01 19:31:34 com_github_MitjaNemec_ReplicateLayout.replicate_layout 990:Src text UUid:9978617c-01ac-448d-9224-7a7240471d5e
12-01 19:31:34 com_github_MitjaNemec_ReplicateLayout.replicate_layout 991:Dst text UUid:4042b1de-f81d-4835-be03-18649d50be46
12-01 19:31:34 com_github_MitjaNemec_ReplicateLayout.replicate_layout 990:Src text UUid:1880fbbc-70e3-497d-a508-77dce5fb788c
12-01 19:31:34 com_github_MitjaNemec_ReplicateLayout.replicate_layout 991:Dst text UUid:758bbecf-59af-43e1-8ded-2ce2ce449bdc
12-01 19:31:34 com_github_MitjaNemec_ReplicateLayout.replicate_layout 990:Src text UUid:bf4b7098-0339-446c-b324-0c24bf46e3e4
12-01 19:31:34 com_github_MitjaNemec_ReplicateLayout.replicate_layout 991:Dst text UUid:c58bb468-2fc5-4c24-93d6-a92b918cdde3
12-01 19:31:34 com_github_MitjaNemec_ReplicateLayout.replicate_layout 888:Replicating footprint: 'U5'
12-01 19:31:34 com_github_MitjaNemec_ReplicateLayout.replicate_layout 835:Src fp.id: 'EFEAC615-1BCE-410C-9359-A2CDF69988E7'
12-01 19:31:34 com_github_MitjaNemec_ReplicateLayout.replicate_layout 839:Dst fp.id: 'EFEAC615-1BCE-410C-9359-A2CDF69988E7'
12-01 19:31:34 com_github_MitjaNemec_ReplicateLayout.replicate_layout 895:found match in dst footprint: 'U9'
12-01 19:31:34 com_github_MitjaNemec_ReplicateLayout.replicate_layout 990:Src text UUid:aa9e22ef-c639-44bc-914c-e02c140e959b
12-01 19:31:34 com_github_MitjaNemec_ReplicateLayout.replicate_layout 991:Dst text UUid:2171992e-d256-4929-bf5a-b2b64c8c2409
12-01 19:31:34 com_github_MitjaNemec_ReplicateLayout.replicate_layout 990:Src text UUid:8663ad1c-c3b2-4f4c-8bd5-655b0c6dd9a7
12-01 19:31:34 com_github_MitjaNemec_ReplicateLayout.replicate_layout 991:Dst text UUid:1d452947-582f-488b-8a64-f483c223e666
12-01 19:31:34 com_github_MitjaNemec_ReplicateLayout.replicate_layout 990:Src text UUid:257eef03-4bbb-4f60-b2dc-f39bbe103695
12-01 19:31:34 com_github_MitjaNemec_ReplicateLayout.replicate_layout 991:Dst text UUid:384f532e-0bb9-425c-a836-b4ff24b6dca4
12-01 19:31:34 com_github_MitjaNemec_ReplicateLayout.replicate_layout 888:Replicating footprint: 'U4'
12-01 19:31:34 com_github_MitjaNemec_ReplicateLayout.replicate_layout 835:Src fp.id: 'B7BCCC24-A2BC-4499-9018-70D47AEF5995'
12-01 19:31:34 com_github_MitjaNemec_ReplicateLayout.replicate_layout 839:Dst fp.id: 'B7BCCC24-A2BC-4499-9018-70D47AEF5995'
12-01 19:31:34 com_github_MitjaNemec_ReplicateLayout.replicate_layout 895:found match in dst footprint: 'U8'
12-01 19:31:34 com_github_MitjaNemec_ReplicateLayout.replicate_layout 990:Src text UUid:b97e0f65-421a-423d-8d59-e004ed0929f1
12-01 19:31:34 com_github_MitjaNemec_ReplicateLayout.replicate_layout 991:Dst text UUid:bb32830a-8153-4610-b3d3-0faad970b240
12-01 19:31:34 com_github_MitjaNemec_ReplicateLayout.replicate_layout 990:Src text UUid:5f4efdc1-5904-46b8-b8c3-1283ca7103ce
12-01 19:31:34 com_github_MitjaNemec_ReplicateLayout.replicate_layout 991:Dst text UUid:064c61f8-c792-4f7e-b233-bdcc746086ef
12-01 19:31:34 com_github_MitjaNemec_ReplicateLayout.replicate_layout 990:Src text UUid:e2978417-8e2e-4db3-8d4a-9a8a68e8b74c
12-01 19:31:34 com_github_MitjaNemec_ReplicateLayout.replicate_layout 991:Dst text UUid:1700686e-a0e6-4f65-8cdd-3a5437c0cf4f
12-01 19:31:34 com_github_MitjaNemec_ReplicateLayout.replicate_layout 888:Replicating footprint: 'R4'
12-01 19:31:34 com_github_MitjaNemec_ReplicateLayout.replicate_layout 835:Src fp.id: '200768FF-A934-4A21-A60D-F3045F73A8BC'
12-01 19:31:34 com_github_MitjaNemec_ReplicateLayout.replicate_layout 839:Dst fp.id: '200768FF-A934-4A21-A60D-F3045F73A8BC'
12-01 19:31:34 com_github_MitjaNemec_ReplicateLayout.replicate_layout 895:found match in dst footprint: 'R6'
12-01 19:31:34 com_github_MitjaNemec_ReplicateLayout.replicate_layout 990:Src text UUid:aa64e657-646c-4cfa-b8c3-a271570455ca
12-01 19:31:34 com_github_MitjaNemec_ReplicateLayout.replicate_layout 991:Dst text UUid:324b9532-60c2-47ba-967d-cdc4d001065a
12-01 19:31:34 com_github_MitjaNemec_ReplicateLayout.replicate_layout 990:Src text UUid:ca537d03-e463-40e9-b27c-bdcc743f76a8
12-01 19:31:34 com_github_MitjaNemec_ReplicateLayout.replicate_layout 991:Dst text UUid:ba1c3590-0861-499d-8291-69e4e858ad6b
12-01 19:31:34 com_github_MitjaNemec_ReplicateLayout.replicate_layout 990:Src text UUid:4a667380-0250-47d8-929a-01078c1e5119
12-01 19:31:34 com_github_MitjaNemec_ReplicateLayout.replicate_layout 991:Dst text UUid:c8fdcdfd-572b-4b30-9f7f-bcd7f499f8dd
12-01 19:31:34 com_github_MitjaNemec_ReplicateLayout.replicate_layout 888:Replicating footprint: 'C9'
12-01 19:31:34 com_github_MitjaNemec_ReplicateLayout.replicate_layout 835:Src fp.id: 'D61AE3D4-4FB4-49FA-A057-0B73616A0506'
12-01 19:31:34 com_github_MitjaNemec_ReplicateLayout.replicate_layout 839:Dst fp.id: 'D61AE3D4-4FB4-49FA-A057-0B73616A0506'
12-01 19:31:34 com_github_MitjaNemec_ReplicateLayout.replicate_layout 895:found match in dst footprint: 'C15'
12-01 19:31:34 com_github_MitjaNemec_ReplicateLayout.replicate_layout 990:Src text UUid:633865a9-48b6-4a01-bad5-974162179891
12-01 19:31:34 com_github_MitjaNemec_ReplicateLayout.replicate_layout 991:Dst text UUid:b8781ac3-07aa-4a87-b54e-5c8d84c9d1cf
12-01 19:31:34 com_github_MitjaNemec_ReplicateLayout.replicate_layout 990:Src text UUid:73c84998-acc7-4794-abbe-a96bafed359e
12-01 19:31:34 com_github_MitjaNemec_ReplicateLayout.replicate_layout 991:Dst text UUid:d9d00a34-0cd0-4fed-ae8f-b1874fafbed9
12-01 19:31:34 com_github_MitjaNemec_ReplicateLayout.replicate_layout 990:Src text UUid:04db238d-bbb6-4058-8b7f-c75f3f714030
12-01 19:31:34 com_github_MitjaNemec_ReplicateLayout.replicate_layout 991:Dst text UUid:7fdfc379-518d-47c2-a6c3-2e89e1169ef6
12-01 19:31:34 com_github_MitjaNemec_ReplicateLayout.replicate_layout 888:Replicating footprint: 'C8'
12-01 19:31:34 com_github_MitjaNemec_ReplicateLayout.replicate_layout 835:Src fp.id: '2DBD423A-8E2E-4CC3-946E-320FDE12C228'
12-01 19:31:34 com_github_MitjaNemec_ReplicateLayout.replicate_layout 839:Dst fp.id: '2DBD423A-8E2E-4CC3-946E-320FDE12C228'
12-01 19:31:34 com_github_MitjaNemec_ReplicateLayout.replicate_layout 895:found match in dst footprint: 'C14'
12-01 19:31:34 com_github_MitjaNemec_ReplicateLayout.replicate_layout 990:Src text UUid:e76ca601-5b34-4275-8275-31edcd682581
12-01 19:31:34 com_github_MitjaNemec_ReplicateLayout.replicate_layout 991:Dst text UUid:f41a015a-b697-4e03-918d-13579061f67d
12-01 19:31:34 com_github_MitjaNemec_ReplicateLayout.replicate_layout 990:Src text UUid:b00df01f-1c35-412f-88a2-8dc634c141ff
12-01 19:31:34 com_github_MitjaNemec_ReplicateLayout.replicate_layout 991:Dst text UUid:735b8371-46b3-42be-83cc-31558998dea8
12-01 19:31:34 com_github_MitjaNemec_ReplicateLayout.replicate_layout 990:Src text UUid:4b028307-ba62-4a06-af58-1b3d8760ff5e
12-01 19:31:34 com_github_MitjaNemec_ReplicateLayout.replicate_layout 991:Dst text UUid:96aaad7b-aa11-4860-b807-6c99863b5622
12-01 19:31:34 com_github_MitjaNemec_ReplicateLayout.replicate_layout 888:Replicating footprint: 'C7'
12-01 19:31:34 com_github_MitjaNemec_ReplicateLayout.replicate_layout 835:Src fp.id: '42895D8D-D953-459E-B144-518C99AD7CE9'
12-01 19:31:34 com_github_MitjaNemec_ReplicateLayout.replicate_layout 839:Dst fp.id: '42895D8D-D953-459E-B144-518C99AD7CE9'
12-01 19:31:34 com_github_MitjaNemec_ReplicateLayout.replicate_layout 895:found match in dst footprint: 'C13'
12-01 19:31:34 com_github_MitjaNemec_ReplicateLayout.replicate_layout 990:Src text UUid:8ea8ef8d-13b4-4801-8eec-09c4908256c5
12-01 19:31:34 com_github_MitjaNemec_ReplicateLayout.replicate_layout 991:Dst text UUid:a52a2141-c7ae-4f1d-8800-6d8e7a130ba0
12-01 19:31:34 com_github_MitjaNemec_ReplicateLayout.replicate_layout 990:Src text UUid:050b30f5-dd49-4a25-a082-513d197993e6
12-01 19:31:34 com_github_MitjaNemec_ReplicateLayout.replicate_layout 991:Dst text UUid:328c9489-b72f-49c2-9a0f-11092b196492
12-01 19:31:34 com_github_MitjaNemec_ReplicateLayout.replicate_layout 990:Src text UUid:9b5f1b3d-e169-446c-8258-ef7fe5b2306d
12-01 19:31:34 com_github_MitjaNemec_ReplicateLayout.replicate_layout 991:Dst text UUid:ac4594ff-e283-4379-8ce1-e1da85be14ca
12-01 19:31:34 root 340:updating GUI message: 'Replicating tracks'
12-01 19:31:34 com_github_MitjaNemec_ReplicateLayout.replicate_layout 1014:Replicating tracks
12-01 19:31:34 com_github_MitjaNemec_ReplicateLayout.replicate_layout 1020:Replicating tracks on sheet ['/Can interface and transiever1/']
12-01 19:31:34 com_github_MitjaNemec_ReplicateLayout.replicate_layout 835:Src fp.id: 'CC36C93D-2A21-4079-92A2-E3061A074AA7'
12-01 19:31:34 com_github_MitjaNemec_ReplicateLayout.replicate_layout 839:Dst fp.id: 'CC36C93D-2A21-4079-92A2-E3061A074AA7'
12-01 19:31:34 com_github_MitjaNemec_ReplicateLayout.replicate_layout 792:Net pairs for sheet ['/Can interface and transiever1/'] :[('/Can interface and transiever/CAN_H', '/Can interface and transiever1/CAN_H'), ('+5V', '+5V'), ('/CAN_SPI_MOSI', '/CAN_SPI_MOSI'), ('/CAN_SPI_MISO', '/CAN_SPI_MISO'), ('GND', 'GND'), ('', ''), ('unconnected-(U4-CLKO{slash}SOF-Pad3)', 'unconnected-(U6-CLKO{slash}SOF-Pad3)'), ('/CAN0_~{INT0}', '/CAN1_~{INT0}'), ('Net-(U4-OSC1)', 'Net-(U6-OSC1)'), ('/CAN0_GPIO1', '/CAN1_GPIO1'), ('Net-(U4-TXCAN)', 'Net-(U6-TXCAN)'), ('/Can interface and transiever/CAN_L', '/Can interface and transiever1/CAN_L'), ('/SBC_3v3', '/SBC_3v3'), ('Net-(U4-RXCAN)', 'Net-(U6-RXCAN)'), ('/CAN0_~{CS}', '/CAN1_~{CS}'), ('/CAN0_~{INT1}', '/CAN1_~{INT1}'), ('Net-(U4-OSC2)', 'Net-(U6-OSC2)'), ('/CAN_SPI_SCLK', '/CAN_SPI_SCLK')]
12-01 19:31:34 root 345:updating GUI with: 0
12-01 19:31:34 com_github_MitjaNemec_ReplicateLayout.replicate_layout 1020:Replicating tracks on sheet ['/Can interface and transiever2/']
12-01 19:31:34 com_github_MitjaNemec_ReplicateLayout.replicate_layout 835:Src fp.id: 'CC36C93D-2A21-4079-92A2-E3061A074AA7'
12-01 19:31:34 com_github_MitjaNemec_ReplicateLayout.replicate_layout 839:Dst fp.id: 'CC36C93D-2A21-4079-92A2-E3061A074AA7'
12-01 19:31:34 com_github_MitjaNemec_ReplicateLayout.replicate_layout 792:Net pairs for sheet ['/Can interface and transiever2/'] :[('/CAN0_~{CS}', '/CAN2_~{CS}'), ('+5V', '+5V'), ('/Can interface and transiever/CAN_L', '/Can interface and transiever2/CAN_L'), ('/CAN_SPI_MOSI', '/CAN_SPI_MOSI'), ('GND', 'GND'), ('/Can interface and transiever/CAN_H', '/Can interface and transiever2/CAN_H'), ('', ''), ('/CAN_SPI_MISO', '/CAN_SPI_MISO'), ('Net-(U4-OSC2)', 'Net-(U8-OSC2)'), ('/CAN0_GPIO1', '/CAN2_GPIO1'), ('Net-(U4-RXCAN)', 'Net-(U8-RXCAN)'), ('unconnected-(U4-CLKO{slash}SOF-Pad3)', 'unconnected-(U8-CLKO{slash}SOF-Pad3)'), ('Net-(U4-OSC1)', 'Net-(U8-OSC1)'), ('/SBC_3v3', '/SBC_3v3'), ('/CAN_SPI_SCLK', '/CAN_SPI_SCLK'), ('Net-(U4-TXCAN)', 'Net-(U8-TXCAN)'), ('/CAN0_~{INT0}', '/CAN2_~{INT0}'), ('/CAN0_~{INT1}', '/CAN2_~{INT1}')]
12-01 19:31:34 root 340:updating GUI message: 'Replicating zones'
12-01 19:31:34 com_github_MitjaNemec_ReplicateLayout.replicate_layout 1084:Replicating zones
12-01 19:31:34 com_github_MitjaNemec_ReplicateLayout.replicate_layout 1091:Replicating zones on sheet ['/Can interface and transiever1/']
12-01 19:31:34 com_github_MitjaNemec_ReplicateLayout.replicate_layout 835:Src fp.id: 'CC36C93D-2A21-4079-92A2-E3061A074AA7'
12-01 19:31:34 com_github_MitjaNemec_ReplicateLayout.replicate_layout 839:Dst fp.id: 'CC36C93D-2A21-4079-92A2-E3061A074AA7'
12-01 19:31:34 com_github_MitjaNemec_ReplicateLayout.replicate_layout 792:Net pairs for sheet ['/Can interface and transiever1/'] :[('/Can interface and transiever/CAN_H', '/Can interface and transiever1/CAN_H'), ('+5V', '+5V'), ('/CAN_SPI_MOSI', '/CAN_SPI_MOSI'), ('/CAN_SPI_MISO', '/CAN_SPI_MISO'), ('GND', 'GND'), ('', ''), ('unconnected-(U4-CLKO{slash}SOF-Pad3)', 'unconnected-(U6-CLKO{slash}SOF-Pad3)'), ('/CAN0_~{INT0}', '/CAN1_~{INT0}'), ('Net-(U4-OSC1)', 'Net-(U6-OSC1)'), ('/CAN0_GPIO1', '/CAN1_GPIO1'), ('Net-(U4-TXCAN)', 'Net-(U6-TXCAN)'), ('/Can interface and transiever/CAN_L', '/Can interface and transiever1/CAN_L'), ('/SBC_3v3', '/SBC_3v3'), ('Net-(U4-RXCAN)', 'Net-(U6-RXCAN)'), ('/CAN0_~{CS}', '/CAN1_~{CS}'), ('/CAN0_~{INT1}', '/CAN1_~{INT1}'), ('Net-(U4-OSC2)', 'Net-(U6-OSC2)'), ('/CAN_SPI_SCLK', '/CAN_SPI_SCLK')]
12-01 19:31:34 com_github_MitjaNemec_ReplicateLayout.replicate_layout 1091:Replicating zones on sheet ['/Can interface and transiever2/']
12-01 19:31:34 com_github_MitjaNemec_ReplicateLayout.replicate_layout 835:Src fp.id: 'CC36C93D-2A21-4079-92A2-E3061A074AA7'
12-01 19:31:34 com_github_MitjaNemec_ReplicateLayout.replicate_layout 839:Dst fp.id: 'CC36C93D-2A21-4079-92A2-E3061A074AA7'
12-01 19:31:34 com_github_MitjaNemec_ReplicateLayout.replicate_layout 792:Net pairs for sheet ['/Can interface and transiever2/'] :[('/CAN0_~{CS}', '/CAN2_~{CS}'), ('+5V', '+5V'), ('/Can interface and transiever/CAN_L', '/Can interface and transiever2/CAN_L'), ('/CAN_SPI_MOSI', '/CAN_SPI_MOSI'), ('GND', 'GND'), ('/Can interface and transiever/CAN_H', '/Can interface and transiever2/CAN_H'), ('', ''), ('/CAN_SPI_MISO', '/CAN_SPI_MISO'), ('Net-(U4-OSC2)', 'Net-(U8-OSC2)'), ('/CAN0_GPIO1', '/CAN2_GPIO1'), ('Net-(U4-RXCAN)', 'Net-(U8-RXCAN)'), ('unconnected-(U4-CLKO{slash}SOF-Pad3)', 'unconnected-(U8-CLKO{slash}SOF-Pad3)'), ('Net-(U4-OSC1)', 'Net-(U8-OSC1)'), ('/SBC_3v3', '/SBC_3v3'), ('/CAN_SPI_SCLK', '/CAN_SPI_SCLK'), ('Net-(U4-TXCAN)', 'Net-(U8-TXCAN)'), ('/CAN0_~{INT0}', '/CAN2_~{INT0}'), ('/CAN0_~{INT1}', '/CAN2_~{INT1}')]
12-01 19:31:34 root 340:updating GUI message: 'Replicating text'
12-01 19:31:34 com_github_MitjaNemec_ReplicateLayout.replicate_layout 1173:Replicating text
12-01 19:31:34 com_github_MitjaNemec_ReplicateLayout.replicate_layout 1180:Replicating text on sheet ['/Can interface and transiever1/']
12-01 19:31:34 com_github_MitjaNemec_ReplicateLayout.replicate_layout 835:Src fp.id: 'CC36C93D-2A21-4079-92A2-E3061A074AA7'
12-01 19:31:34 com_github_MitjaNemec_ReplicateLayout.replicate_layout 839:Dst fp.id: 'CC36C93D-2A21-4079-92A2-E3061A074AA7'
12-01 19:31:34 com_github_MitjaNemec_ReplicateLayout.replicate_layout 1180:Replicating text on sheet ['/Can interface and transiever2/']
12-01 19:31:34 com_github_MitjaNemec_ReplicateLayout.replicate_layout 835:Src fp.id: 'CC36C93D-2A21-4079-92A2-E3061A074AA7'
12-01 19:31:34 com_github_MitjaNemec_ReplicateLayout.replicate_layout 839:Dst fp.id: 'CC36C93D-2A21-4079-92A2-E3061A074AA7'
12-01 19:31:34 root 340:updating GUI message: 'Replicating drawings'
12-01 19:31:34 com_github_MitjaNemec_ReplicateLayout.replicate_layout 1224:Replicating drawings
12-01 19:31:34 com_github_MitjaNemec_ReplicateLayout.replicate_layout 1230:Replicating drawings on sheet ['/Can interface and transiever1/']
12-01 19:31:34 com_github_MitjaNemec_ReplicateLayout.replicate_layout 835:Src fp.id: 'CC36C93D-2A21-4079-92A2-E3061A074AA7'
12-01 19:31:34 com_github_MitjaNemec_ReplicateLayout.replicate_layout 839:Dst fp.id: 'CC36C93D-2A21-4079-92A2-E3061A074AA7'
12-01 19:31:34 com_github_MitjaNemec_ReplicateLayout.replicate_layout 1230:Replicating drawings on sheet ['/Can interface and transiever2/']
12-01 19:31:34 com_github_MitjaNemec_ReplicateLayout.replicate_layout 835:Src fp.id: 'CC36C93D-2A21-4079-92A2-E3061A074AA7'
12-01 19:31:34 com_github_MitjaNemec_ReplicateLayout.replicate_layout 839:Dst fp.id: 'CC36C93D-2A21-4079-92A2-E3061A074AA7'
12-01 19:31:34 com_github_MitjaNemec_ReplicateLayout.action_replicate_layout 264:Replication complete
